[2023-10-14 13:04:06] production.ERROR: SQLSTATE[HY000] [1045] Access denied for user 'root'@'localhost' (using password: NO) (Connection: mysql, SQL: select * from information_schema.tables where table_schema = genealogy and table_name = languages and table_type = 'BASE TABLE') {"exception":"[object] (Illuminate\\Database\\QueryException(code: 1045): SQLSTATE[HY000] [1045] Access denied for user 'root'@'localhost' (using password: NO) (Connection: mysql, SQL: select * from information_schema.tables where table_schema = genealogy and table_name = languages and table_type = 'BASE TABLE') at /home/curtis/projects/new2/ecommerce-laravel/vendor/laravel/framework/src/Illuminate/Database/Connection.php:801)
[stacktrace]
#0 /home/curtis/projects/new2/ecommerce-laravel/vendor/laravel/framework/src/Illuminate/Database/Connection.php(755): Illuminate\\Database\\Connection->runQueryCallback()
#1 /home/curtis/projects/new2/ecommerce-laravel/vendor/laravel/framework/src/Illuminate/Database/Connection.php(407): Illuminate\\Database\\Connection->run()
#2 /home/curtis/projects/new2/ecommerce-laravel/vendor/laravel/framework/src/Illuminate/Database/Connection.php(394): Illuminate\\Database\\Connection->select()
#3 /home/curtis/projects/new2/ecommerce-laravel/vendor/laravel/framework/src/Illuminate/Database/Schema/MySqlBuilder.php(43): Illuminate\\Database\\Connection->selectFromWriteConnection()
#4 /home/curtis/projects/new2/ecommerce-laravel/vendor/laravel/framework/src/Illuminate/Support/Facades/Facade.php(353): Illuminate\\Database\\Schema\\MySqlBuilder->hasTable()
#5 /home/curtis/projects/new2/ecommerce-laravel/vendor/laravel-liberu/localisation/src/Commands/Merge.php(19): Illuminate\\Support\\Facades\\Facade::__callStatic()
#6 /home/curtis/projects/new2/ecommerce-laravel/vendor/laravel/framework/src/Illuminate/Container/BoundMethod.php(36): LaravelLiberu\\Localisation\\Commands\\Merge->handle()
#7 /home/curtis/projects/new2/ecommerce-laravel/vendor/laravel/framework/src/Illuminate/Container/Util.php(41): Illuminate\\Container\\BoundMethod::Illuminate\\Container\\{closure}()
#8 /home/curtis/projects/new2/ecommerce-laravel/vendor/laravel/framework/src/Illuminate/Container/BoundMethod.php(93): Illuminate\\Container\\Util::unwrapIfClosure()
#9 /home/curtis/projects/new2/ecommerce-laravel/vendor/laravel/framework/src/Illuminate/Container/BoundMethod.php(35): Illuminate\\Container\\BoundMethod::callBoundMethod()
#10 /home/curtis/projects/new2/ecommerce-laravel/vendor/laravel/framework/src/Illuminate/Container/Container.php(662): Illuminate\\Container\\BoundMethod::call()
#11 /home/curtis/projects/new2/ecommerce-laravel/vendor/laravel/framework/src/Illuminate/Console/Command.php(211): Illuminate\\Container\\Container->call()
#12 /home/curtis/projects/new2/ecommerce-laravel/vendor/symfony/console/Command/Command.php(326): Illuminate\\Console\\Command->execute()
#13 /home/curtis/projects/new2/ecommerce-laravel/vendor/laravel/framework/src/Illuminate/Console/Command.php(180): Symfony\\Component\\Console\\Command\\Command->run()
#14 /home/curtis/projects/new2/ecommerce-laravel/vendor/symfony/console/Application.php(1081): Illuminate\\Console\\Command->run()
#15 /home/curtis/projects/new2/ecommerce-laravel/vendor/symfony/console/Application.php(320): Symfony\\Component\\Console\\Application->doRunCommand()
#16 /home/curtis/projects/new2/ecommerce-laravel/vendor/symfony/console/Application.php(174): Symfony\\Component\\Console\\Application->doRun()
#17 /home/curtis/projects/new2/ecommerce-laravel/vendor/laravel/framework/src/Illuminate/Foundation/Console/Kernel.php(201): Symfony\\Component\\Console\\Application->run()
#18 /home/curtis/projects/new2/ecommerce-laravel/artisan(35): Illuminate\\Foundation\\Console\\Kernel->handle()
#19 {main}

[previous exception] [object] (PDOException(code: 1045): SQLSTATE[HY000] [1045] Access denied for user 'root'@'localhost' (using password: NO) at /home/curtis/projects/new2/ecommerce-laravel/vendor/laravel/framework/src/Illuminate/Database/Connectors/Connector.php:65)
[stacktrace]
#0 /home/curtis/projects/new2/ecommerce-laravel/vendor/laravel/framework/src/Illuminate/Database/Connectors/Connector.php(65): PDO->__construct()
#1 /home/curtis/projects/new2/ecommerce-laravel/vendor/laravel/framework/src/Illuminate/Database/Connectors/Connector.php(44): Illuminate\\Database\\Connectors\\Connector->createPdoConnection()
#2 /home/curtis/projects/new2/ecommerce-laravel/vendor/laravel/framework/src/Illuminate/Database/Connectors/MySqlConnector.php(24): Illuminate\\Database\\Connectors\\Connector->createConnection()
#3 /home/curtis/projects/new2/ecommerce-laravel/vendor/laravel/framework/src/Illuminate/Database/Connectors/ConnectionFactory.php(184): Illuminate\\Database\\Connectors\\MySqlConnector->connect()
#4 [internal function]: Illuminate\\Database\\Connectors\\ConnectionFactory->Illuminate\\Database\\Connectors\\{closure}()
#5 /home/curtis/projects/new2/ecommerce-laravel/vendor/laravel/framework/src/Illuminate/Database/Connection.php(1292): call_user_func()
#6 /home/curtis/projects/new2/ecommerce-laravel/vendor/laravel/framework/src/Illuminate/Database/Connection.php(521): Illuminate\\Database\\Connection->getPdo()
#7 /home/curtis/projects/new2/ecommerce-laravel/vendor/laravel/framework/src/Illuminate/Database/Connection.php(416): Illuminate\\Database\\Connection->getPdoForSelect()
#8 /home/curtis/projects/new2/ecommerce-laravel/vendor/laravel/framework/src/Illuminate/Database/Connection.php(788): Illuminate\\Database\\Connection->Illuminate\\Database\\{closure}()
#9 /home/curtis/projects/new2/ecommerce-laravel/vendor/laravel/framework/src/Illuminate/Database/Connection.php(755): Illuminate\\Database\\Connection->runQueryCallback()
#10 /home/curtis/projects/new2/ecommerce-laravel/vendor/laravel/framework/src/Illuminate/Database/Connection.php(407): Illuminate\\Database\\Connection->run()
#11 /home/curtis/projects/new2/ecommerce-laravel/vendor/laravel/framework/src/Illuminate/Database/Connection.php(394): Illuminate\\Database\\Connection->select()
#12 /home/curtis/projects/new2/ecommerce-laravel/vendor/laravel/framework/src/Illuminate/Database/Schema/MySqlBuilder.php(43): Illuminate\\Database\\Connection->selectFromWriteConnection()
#13 /home/curtis/projects/new2/ecommerce-laravel/vendor/laravel/framework/src/Illuminate/Support/Facades/Facade.php(353): Illuminate\\Database\\Schema\\MySqlBuilder->hasTable()
#14 /home/curtis/projects/new2/ecommerce-laravel/vendor/laravel-liberu/localisation/src/Commands/Merge.php(19): Illuminate\\Support\\Facades\\Facade::__callStatic()
#15 /home/curtis/projects/new2/ecommerce-laravel/vendor/laravel/framework/src/Illuminate/Container/BoundMethod.php(36): LaravelLiberu\\Localisation\\Commands\\Merge->handle()
#16 /home/curtis/projects/new2/ecommerce-laravel/vendor/laravel/framework/src/Illuminate/Container/Util.php(41): Illuminate\\Container\\BoundMethod::Illuminate\\Container\\{closure}()
#17 /home/curtis/projects/new2/ecommerce-laravel/vendor/laravel/framework/src/Illuminate/Container/BoundMethod.php(93): Illuminate\\Container\\Util::unwrapIfClosure()
#18 /home/curtis/projects/new2/ecommerce-laravel/vendor/laravel/framework/src/Illuminate/Container/BoundMethod.php(35): Illuminate\\Container\\BoundMethod::callBoundMethod()
#19 /home/curtis/projects/new2/ecommerce-laravel/vendor/laravel/framework/src/Illuminate/Container/Container.php(662): Illuminate\\Container\\BoundMethod::call()
#20 /home/curtis/projects/new2/ecommerce-laravel/vendor/laravel/framework/src/Illuminate/Console/Command.php(211): Illuminate\\Container\\Container->call()
#21 /home/curtis/projects/new2/ecommerce-laravel/vendor/symfony/console/Command/Command.php(326): Illuminate\\Console\\Command->execute()
#22 /home/curtis/projects/new2/ecommerce-laravel/vendor/laravel/framework/src/Illuminate/Console/Command.php(180): Symfony\\Component\\Console\\Command\\Command->run()
#23 /home/curtis/projects/new2/ecommerce-laravel/vendor/symfony/console/Application.php(1081): Illuminate\\Console\\Command->run()
#24 /home/curtis/projects/new2/ecommerce-laravel/vendor/symfony/console/Application.php(320): Symfony\\Component\\Console\\Application->doRunCommand()
#25 /home/curtis/projects/new2/ecommerce-laravel/vendor/symfony/console/Application.php(174): Symfony\\Component\\Console\\Application->doRun()
#26 /home/curtis/projects/new2/ecommerce-laravel/vendor/laravel/framework/src/Illuminate/Foundation/Console/Kernel.php(201): Symfony\\Component\\Console\\Application->run()
#27 /home/curtis/projects/new2/ecommerce-laravel/artisan(35): Illuminate\\Foundation\\Console\\Kernel->handle()
#28 {main}
"} 
